Initial Testing...
Loading DUT
Start to scan SN!
MTCP Response:T=1,I=5,X=0,Y=0
Scan Finished!
Send x,y to PLC
Start to capture...
Enable DUT Yogi...
Enable Yogi finished!
Black image capturing...
Black image capture finished!
X=30
Y=0

Turn on unit...
Start to capture image with unit power on...
Capture finished!...
smu_pulse script v1.3

trigger_output_width:	1.00000e-05	

num_of_pulses:	1.00000e+02	

t_period:	3.33333e-02	

duty_cycle:	1.08000e+01	

levelv:	4.00000e+00	

leveli:	1.00000e+00	

iv_flag:	1.00000e+00	

smux:	smua	

trigger_output_width:	1.00000e-05	

num_of_pulses:	1.00000e+02	

t_period:	3.33333e-02	

duty_cycle:	1.08000e+01	

levelv:	4.00000e+00	

leveli:	1.00000e+00	

iv_flag:	1.00000e+00	

reading_cnt:	1.00000e+01	

Current:

1.00077e+00, 1.00042e+00, 9.99842e-01, 9.99900e-01, 9.99726e-01, 1.00147e+00, 9.99494e-01, 1.00031e+00, 1.00060e+00, 9.99320e-01
Voltage:

2.32953e+00, 2.32693e+00, 2.32407e+00, 2.32016e+00, 2.32329e+00, 2.31730e+00, 2.31235e+00, 2.31105e+00, 2.30637e+00, 2.30481e+00
Time:

0.00000e+00, 3.33330e-02, 6.66660e-02, 9.99990e-02, 1.33332e-01, 1.66665e-01, 1.99998e-01, 2.33331e-01, 2.66664e-01, 2.99997e-01
Done!


num_of_pulses=100
leveli=1
script.user.scripts.smu_pulse()

Send data to MTCP...
ALPH Return Value : 57408
MTCP Send Completed!
meanI=1.0001852
meanV=2.317586

